#0 building with "default" instance using docker driver

#1 [internal] load build definition from Dockerfile
#1 transferring dockerfile: 1.50kB done
#1 DONE 0.0s

#2 [internal] load metadata for docker.io/library/debian:bullseye
#2 DONE 1.5s

#3 [internal] load .dockerignore
#3 transferring context: 99B done
#3 DONE 0.0s

#4 [1/5] FROM docker.io/library/debian:bullseye@sha256:26d72b71f88865377988af6f54da9aaa5bed201f39bcee13eb55737016660df2
#4 DONE 0.0s

#5 [internal] load build context
#5 transferring context: 65B done
#5 DONE 0.0s

#6 [2/5] RUN apt-get update && apt-get install -y --no-install-recommends         apt-transport-https         ca-certificates         curl         gpg-agent         gpg         dirmngr         software-properties-common     && curl -fsSL https://download.docker.com/linux/debian/gpg | gpg --dearmor -o /etc/apt/trusted.gpg.d/docker.gpg     && echo "deb [arch=$(dpkg --print-architecture) signed-by=/etc/apt/trusted.gpg.d/docker.gpg]         https://download.docker.com/linux/debian $(lsb_release -cs) stable" > /etc/apt/sources.list.d/docker.list     && apt-get update && apt-get install -y --no-install-recommends         docker-ce     && rm -rf /var/lib/apt/lists/*
#6 CACHED

#7 [3/5] RUN apt-get update && apt-get install -y --no-install-recommends         bash         bc         binutils         build-essential         bzip2         cpio         file         git         graphviz         jq         make         ncurses-dev         openssh-client         patch         perl         python3         python3-matplotlib         python-is-python3         qemu-utils         rsync         skopeo         sudo         unzip         vim         wget         zip     && rm -rf /var/lib/apt/lists/*
#7 CACHED

#8 [4/5] COPY scripts/entry.sh /usr/sbin/
#8 CACHED

#9 [5/5] WORKDIR /build
#9 CACHED

#10 exporting to image
#10 exporting layers done
#10 writing image sha256:518ec70e79ccac45d48e50a9ac637f638a7499289f90c21efbf03c90cb722282 done
#10 naming to docker.io/library/hassos:local done
#10 DONE 0.0s
the input device is not a TTY
